Determining if the pthread_create exist failed with the following output:
Change Dir: /home/imns1ght/workspace/bti-exercises/2019.1/EDB_I/class/05.search/lower_upper-bound/build/CMakeFiles/CMakeTmp

Run Build Command:"/usr/bin/make" "cmTC_36646/fast"
/usr/bin/make -f CMakeFiles/cmTC_36646.dir/build.make CMakeFiles/cmTC_36646.dir/build
make[1]: Entering directory '/home/imns1ght/workspace/bti-exercises/2019.1/EDB_I/class/05.search/lower_upper-bound/build/CMakeFiles/CMakeTmp'
Building CXX object CMakeFiles/cmTC_36646.dir/CheckSymbolExists.cxx.o
/usr/bin/c++     -o CMakeFiles/cmTC_36646.dir/CheckSymbolExists.cxx.o -c /home/imns1ght/workspace/bti-exercises/2019.1/EDB_I/class/05.search/lower_upper-bound/build/CMakeFiles/CMakeTmp/CheckSymbolExists.cxx
Linking CXX executable cmTC_36646
/usr/bin/cmake -E cmake_link_script CMakeFiles/cmTC_36646.dir/link.txt --verbose=1
/usr/bin/c++       CMakeFiles/cmTC_36646.dir/CheckSymbolExists.cxx.o  -o cmTC_36646 
/usr/bin/ld: CMakeFiles/cmTC_36646.dir/CheckSymbolExists.cxx.o: in function `main':
CheckSymbolExists.cxx:(.text+0x1b): undefined reference to `pthread_create'
collect2: error: ld returned 1 exit status
make[1]: *** [CMakeFiles/cmTC_36646.dir/build.make:87: cmTC_36646] Error 1
make[1]: Leaving directory '/home/imns1ght/workspace/bti-exercises/2019.1/EDB_I/class/05.search/lower_upper-bound/build/CMakeFiles/CMakeTmp'
make: *** [Makefile:121: cmTC_36646/fast] Error 2

File /home/imns1ght/workspace/bti-exercises/2019.1/EDB_I/class/05.search/lower_upper-bound/build/CMakeFiles/CMakeTmp/CheckSymbolExists.cxx:
/* */
#include <pthread.h>

int main(int argc, char** argv)
{
  (void)argv;
#ifndef pthread_create
  return ((int*)(&pthread_create))[argc];
#else
  (void)argc;
  return 0;
#endif
}

Determining if the function pthread_create exists in the pthreads failed with the following output:
Change Dir: /home/imns1ght/workspace/bti-exercises/2019.1/EDB_I/class/05.search/lower_upper-bound/build/CMakeFiles/CMakeTmp

Run Build Command:"/usr/bin/make" "cmTC_bcf7a/fast"
/usr/bin/make -f CMakeFiles/cmTC_bcf7a.dir/build.make CMakeFiles/cmTC_bcf7a.dir/build
make[1]: Entering directory '/home/imns1ght/workspace/bti-exercises/2019.1/EDB_I/class/05.search/lower_upper-bound/build/CMakeFiles/CMakeTmp'
Building CXX object CMakeFiles/cmTC_bcf7a.dir/CheckFunctionExists.cxx.o
/usr/bin/c++    -DCHECK_FUNCTION_EXISTS=pthread_create   -o CMakeFiles/cmTC_bcf7a.dir/CheckFunctionExists.cxx.o -c /home/imns1ght/workspace/bti-exercises/2019.1/EDB_I/class/05.search/lower_upper-bound/build/CMakeFiles/CheckLibraryExists/CheckFunctionExists.cxx
Linking CXX executable cmTC_bcf7a
/usr/bin/cmake -E cmake_link_script CMakeFiles/cmTC_bcf7a.dir/link.txt --verbose=1
/usr/bin/c++   -DCHECK_FUNCTION_EXISTS=pthread_create    CMakeFiles/cmTC_bcf7a.dir/CheckFunctionExists.cxx.o  -o cmTC_bcf7a -lpthreads 
/usr/bin/ld: cannot find -lpthreads
collect2: error: ld returned 1 exit status
make[1]: *** [CMakeFiles/cmTC_bcf7a.dir/build.make:87: cmTC_bcf7a] Error 1
make[1]: Leaving directory '/home/imns1ght/workspace/bti-exercises/2019.1/EDB_I/class/05.search/lower_upper-bound/build/CMakeFiles/CMakeTmp'
make: *** [Makefile:121: cmTC_bcf7a/fast] Error 2


