Determining if the pthread_create exist failed with the following output:
Change Dir: /home/imns1ght/workspace/int-ranges/lib_source/CMakeFiles/CMakeTmp

Run Build Command(s):/usr/bin/make cmTC_6aaae/fast 
/usr/bin/make -f CMakeFiles/cmTC_6aaae.dir/build.make CMakeFiles/cmTC_6aaae.dir/build
make[1]: Entering directory '/home/imns1ght/workspace/int-ranges/lib_source/CMakeFiles/CMakeTmp'
Building C object CMakeFiles/cmTC_6aaae.dir/CheckSymbolExists.c.o
/usr/bin/cc    -o CMakeFiles/cmTC_6aaae.dir/CheckSymbolExists.c.o   -c /home/imns1ght/workspace/int-ranges/lib_source/CMakeFiles/CMakeTmp/CheckSymbolExists.c
Linking C executable cmTC_6aaae
/usr/bin/cmake -E cmake_link_script CMakeFiles/cmTC_6aaae.dir/link.txt --verbose=1
/usr/bin/cc      CMakeFiles/cmTC_6aaae.dir/CheckSymbolExists.c.o  -o cmTC_6aaae 
/usr/bin/ld: CMakeFiles/cmTC_6aaae.dir/CheckSymbolExists.c.o: in function `main':
CheckSymbolExists.c:(.text+0x1b): undefined reference to `pthread_create'
collect2: error: ld returned 1 exit status
make[1]: *** [CMakeFiles/cmTC_6aaae.dir/build.make:87: cmTC_6aaae] Error 1
make[1]: Leaving directory '/home/imns1ght/workspace/int-ranges/lib_source/CMakeFiles/CMakeTmp'
make: *** [Makefile:121: cmTC_6aaae/fast] Error 2

File /home/imns1ght/workspace/int-ranges/lib_source/CMakeFiles/CMakeTmp/CheckSymbolExists.c:
/* */
#include <pthread.h>

int main(int argc, char** argv)
{
  (void)argv;
#ifndef pthread_create
  return ((int*)(&pthread_create))[argc];
#else
  (void)argc;
  return 0;
#endif
}

Determining if the function pthread_create exists in the pthreads failed with the following output:
Change Dir: /home/imns1ght/workspace/int-ranges/lib_source/CMakeFiles/CMakeTmp

Run Build Command(s):/usr/bin/make cmTC_bdda3/fast 
/usr/bin/make -f CMakeFiles/cmTC_bdda3.dir/build.make CMakeFiles/cmTC_bdda3.dir/build
make[1]: Entering directory '/home/imns1ght/workspace/int-ranges/lib_source/CMakeFiles/CMakeTmp'
Building C object CMakeFiles/cmTC_bdda3.dir/CheckFunctionExists.c.o
/usr/bin/cc   -DCHECK_FUNCTION_EXISTS=pthread_create   -o CMakeFiles/cmTC_bdda3.dir/CheckFunctionExists.c.o   -c /usr/share/cmake-3.14/Modules/CheckFunctionExists.c
Linking C executable cmTC_bdda3
/usr/bin/cmake -E cmake_link_script CMakeFiles/cmTC_bdda3.dir/link.txt --verbose=1
/usr/bin/cc  -DCHECK_FUNCTION_EXISTS=pthread_create    CMakeFiles/cmTC_bdda3.dir/CheckFunctionExists.c.o  -o cmTC_bdda3 -lpthreads 
/usr/bin/ld: cannot find -lpthreads
collect2: error: ld returned 1 exit status
make[1]: *** [CMakeFiles/cmTC_bdda3.dir/build.make:87: cmTC_bdda3] Error 1
make[1]: Leaving directory '/home/imns1ght/workspace/int-ranges/lib_source/CMakeFiles/CMakeTmp'
make: *** [Makefile:121: cmTC_bdda3/fast] Error 2


