Determining if the pthread_create exist failed with the following output:
Change Dir: /home/imns1ght/workspace/int-ranges/lib_source/CMakeFiles/CMakeTmp

Run Build Command(s):/usr/bin/make cmTC_6aaae/fast 
/usr/bin/make -f CMakeFiles/cmTC_6aaae.dir/build.make CMakeFiles/cmTC_6aaae.dir/build
make[1]: Entering directory '/home/imns1ght/workspace/int-ranges/lib_source/CMakeFiles/CMakeTmp'
Building C object CMakeFiles/cmTC_6aaae.dir/CheckSymbolExists.c.o
/usr/bin/cc    -o CMakeFiles/cmTC_6aaae.dir/CheckSymbolExists.c.o   -c /home/imns1ght/workspace/int-ranges/lib_source/CMakeFiles/CMakeTmp/CheckSymbolExists.c
Linking C executable cmTC_6aaae
/usr/bin/cmake -E cmake_link_script CMakeFiles/cmTC_6aaae.dir/link.txt --verbose=1
/usr/bin/cc      CMakeFiles/cmTC_6aaae.dir/CheckSymbolExists.c.o  -o cmTC_6aaae 
/usr/bin/ld: CMakeFiles/cmTC_6aaae.dir/CheckSymbolExists.c.o: in function `main':
CheckSymbolExists.c:(.text+0x1b): undefined reference to `pthread_create'
collect2: error: ld returned 1 exit status
make[1]: *** [CMakeFiles/cmTC_6aaae.dir/build.make:87: cmTC_6aaae] Error 1
make[1]: Leaving directory '/home/imns1ght/workspace/int-ranges/lib_source/CMakeFiles/CMakeTmp'
make: *** [Makefile:121: cmTC_6aaae/fast] Error 2

File /home/imns1ght/workspace/int-ranges/lib_source/CMakeFiles/CMakeTmp/CheckSymbolExists.c:
/* */
#include <pthread.h>

int main(int argc, char** argv)
{
  (void)argv;
#ifndef pthread_create
  return ((int*)(&pthread_create))[argc];
#else
  (void)argc;
  return 0;
#endif
}

Determining if the function pthread_create exists in the pthreads failed with the following output:
Change Dir: /home/imns1ght/workspace/int-ranges/lib_source/CMakeFiles/CMakeTmp

Run Build Command(s):/usr/bin/make cmTC_bdda3/fast 
/usr/bin/make -f CMakeFiles/cmTC_bdda3.dir/build.make CMakeFiles/cmTC_bdda3.dir/build
make[1]: Entering directory '/home/imns1ght/workspace/int-ranges/lib_source/CMakeFiles/CMakeTmp'
Building C object CMakeFiles/cmTC_bdda3.dir/CheckFunctionExists.c.o
/usr/bin/cc   -DCHECK_FUNCTION_EXISTS=pthread_create   -o CMakeFiles/cmTC_bdda3.dir/CheckFunctionExists.c.o   -c /usr/share/cmake-3.14/Modules/CheckFunctionExists.c
Linking C executable cmTC_bdda3
/usr/bin/cmake -E cmake_link_script CMakeFiles/cmTC_bdda3.dir/link.txt --verbose=1
/usr/bin/cc  -DCHECK_FUNCTION_EXISTS=pthread_create    CMakeFiles/cmTC_bdda3.dir/CheckFunctionExists.c.o  -o cmTC_bdda3 -lpthreads 
/usr/bin/ld: cannot find -lpthreads
collect2: error: ld returned 1 exit status
make[1]: *** [CMakeFiles/cmTC_bdda3.dir/build.make:87: cmTC_bdda3] Error 1
make[1]: Leaving directory '/home/imns1ght/workspace/int-ranges/lib_source/CMakeFiles/CMakeTmp'
make: *** [Makefile:121: cmTC_bdda3/fast] Error 2


Determining if the pthread_create exist failed with the following output:
Change Dir: /home/imns1ght/workspace/bti-exercises/2019.1/LP_I/int-ranges/lib_source/CMakeFiles/CMakeTmp

Run Build Command(s):/usr/bin/make cmTC_3e654/fast 
/usr/bin/make -f CMakeFiles/cmTC_3e654.dir/build.make CMakeFiles/cmTC_3e654.dir/build
make[1]: Entering directory '/home/imns1ght/workspace/bti-exercises/2019.1/LP_I/int-ranges/lib_source/CMakeFiles/CMakeTmp'
Building C object CMakeFiles/cmTC_3e654.dir/CheckSymbolExists.c.o
/usr/bin/cc    -o CMakeFiles/cmTC_3e654.dir/CheckSymbolExists.c.o   -c /home/imns1ght/workspace/bti-exercises/2019.1/LP_I/int-ranges/lib_source/CMakeFiles/CMakeTmp/CheckSymbolExists.c
Linking C executable cmTC_3e654
/usr/bin/cmake -E cmake_link_script CMakeFiles/cmTC_3e654.dir/link.txt --verbose=1
/usr/bin/cc      CMakeFiles/cmTC_3e654.dir/CheckSymbolExists.c.o  -o cmTC_3e654 
/usr/bin/ld: CMakeFiles/cmTC_3e654.dir/CheckSymbolExists.c.o: in function `main':
CheckSymbolExists.c:(.text+0x1b): undefined reference to `pthread_create'
collect2: error: ld returned 1 exit status
make[1]: *** [CMakeFiles/cmTC_3e654.dir/build.make:87: cmTC_3e654] Error 1
make[1]: Leaving directory '/home/imns1ght/workspace/bti-exercises/2019.1/LP_I/int-ranges/lib_source/CMakeFiles/CMakeTmp'
make: *** [Makefile:121: cmTC_3e654/fast] Error 2

File /home/imns1ght/workspace/bti-exercises/2019.1/LP_I/int-ranges/lib_source/CMakeFiles/CMakeTmp/CheckSymbolExists.c:
/* */
#include <pthread.h>

int main(int argc, char** argv)
{
  (void)argv;
#ifndef pthread_create
  return ((int*)(&pthread_create))[argc];
#else
  (void)argc;
  return 0;
#endif
}

Determining if the function pthread_create exists in the pthreads failed with the following output:
Change Dir: /home/imns1ght/workspace/bti-exercises/2019.1/LP_I/int-ranges/lib_source/CMakeFiles/CMakeTmp

Run Build Command(s):/usr/bin/make cmTC_7723c/fast 
/usr/bin/make -f CMakeFiles/cmTC_7723c.dir/build.make CMakeFiles/cmTC_7723c.dir/build
make[1]: Entering directory '/home/imns1ght/workspace/bti-exercises/2019.1/LP_I/int-ranges/lib_source/CMakeFiles/CMakeTmp'
Building C object CMakeFiles/cmTC_7723c.dir/CheckFunctionExists.c.o
/usr/bin/cc   -DCHECK_FUNCTION_EXISTS=pthread_create   -o CMakeFiles/cmTC_7723c.dir/CheckFunctionExists.c.o   -c /usr/share/cmake-3.14/Modules/CheckFunctionExists.c
Linking C executable cmTC_7723c
/usr/bin/cmake -E cmake_link_script CMakeFiles/cmTC_7723c.dir/link.txt --verbose=1
/usr/bin/cc  -DCHECK_FUNCTION_EXISTS=pthread_create    CMakeFiles/cmTC_7723c.dir/CheckFunctionExists.c.o  -o cmTC_7723c -lpthreads 
/usr/bin/ld: cannot find -lpthreads
collect2: error: ld returned 1 exit status
make[1]: *** [CMakeFiles/cmTC_7723c.dir/build.make:87: cmTC_7723c] Error 1
make[1]: Leaving directory '/home/imns1ght/workspace/bti-exercises/2019.1/LP_I/int-ranges/lib_source/CMakeFiles/CMakeTmp'
make: *** [Makefile:121: cmTC_7723c/fast] Error 2


Determining if the pthread_create exist failed with the following output:
Change Dir: /home/imns1ght/workspace/bti-exercises/2019.1/LP_I/int-ranges/lib_source/CMakeFiles/CMakeTmp

Run Build Command(s):/usr/bin/make cmTC_d5b3d/fast 
make[1]: Entering directory '/home/imns1ght/workspace/bti-exercises/2019.1/LP_I/int-ranges/lib_source/CMakeFiles/CMakeTmp'
/usr/bin/make -f CMakeFiles/cmTC_d5b3d.dir/build.make CMakeFiles/cmTC_d5b3d.dir/build
make[2]: Entering directory '/home/imns1ght/workspace/bti-exercises/2019.1/LP_I/int-ranges/lib_source/CMakeFiles/CMakeTmp'
Building C object CMakeFiles/cmTC_d5b3d.dir/CheckSymbolExists.c.o
/usr/bin/cc    -o CMakeFiles/cmTC_d5b3d.dir/CheckSymbolExists.c.o   -c /home/imns1ght/workspace/bti-exercises/2019.1/LP_I/int-ranges/lib_source/CMakeFiles/CMakeTmp/CheckSymbolExists.c
Linking C executable cmTC_d5b3d
/usr/bin/cmake -E cmake_link_script CMakeFiles/cmTC_d5b3d.dir/link.txt --verbose=1
/usr/bin/cc      CMakeFiles/cmTC_d5b3d.dir/CheckSymbolExists.c.o  -o cmTC_d5b3d 
/usr/bin/ld: CMakeFiles/cmTC_d5b3d.dir/CheckSymbolExists.c.o: in function `main':
CheckSymbolExists.c:(.text+0x1b): undefined reference to `pthread_create'
collect2: error: ld returned 1 exit status
make[2]: *** [CMakeFiles/cmTC_d5b3d.dir/build.make:87: cmTC_d5b3d] Error 1
make[2]: Leaving directory '/home/imns1ght/workspace/bti-exercises/2019.1/LP_I/int-ranges/lib_source/CMakeFiles/CMakeTmp'
make[1]: *** [Makefile:121: cmTC_d5b3d/fast] Error 2
make[1]: Leaving directory '/home/imns1ght/workspace/bti-exercises/2019.1/LP_I/int-ranges/lib_source/CMakeFiles/CMakeTmp'

File /home/imns1ght/workspace/bti-exercises/2019.1/LP_I/int-ranges/lib_source/CMakeFiles/CMakeTmp/CheckSymbolExists.c:
/* */
#include <pthread.h>

int main(int argc, char** argv)
{
  (void)argv;
#ifndef pthread_create
  return ((int*)(&pthread_create))[argc];
#else
  (void)argc;
  return 0;
#endif
}

Determining if the function pthread_create exists in the pthreads failed with the following output:
Change Dir: /home/imns1ght/workspace/bti-exercises/2019.1/LP_I/int-ranges/lib_source/CMakeFiles/CMakeTmp

Run Build Command(s):/usr/bin/make cmTC_921b9/fast 
make[1]: Entering directory '/home/imns1ght/workspace/bti-exercises/2019.1/LP_I/int-ranges/lib_source/CMakeFiles/CMakeTmp'
/usr/bin/make -f CMakeFiles/cmTC_921b9.dir/build.make CMakeFiles/cmTC_921b9.dir/build
make[2]: Entering directory '/home/imns1ght/workspace/bti-exercises/2019.1/LP_I/int-ranges/lib_source/CMakeFiles/CMakeTmp'
Building C object CMakeFiles/cmTC_921b9.dir/CheckFunctionExists.c.o
/usr/bin/cc   -DCHECK_FUNCTION_EXISTS=pthread_create   -o CMakeFiles/cmTC_921b9.dir/CheckFunctionExists.c.o   -c /usr/share/cmake-3.14/Modules/CheckFunctionExists.c
Linking C executable cmTC_921b9
/usr/bin/cmake -E cmake_link_script CMakeFiles/cmTC_921b9.dir/link.txt --verbose=1
/usr/bin/cc  -DCHECK_FUNCTION_EXISTS=pthread_create    CMakeFiles/cmTC_921b9.dir/CheckFunctionExists.c.o  -o cmTC_921b9 -lpthreads 
/usr/bin/ld: cannot find -lpthreads
collect2: error: ld returned 1 exit status
make[2]: *** [CMakeFiles/cmTC_921b9.dir/build.make:87: cmTC_921b9] Error 1
make[2]: Leaving directory '/home/imns1ght/workspace/bti-exercises/2019.1/LP_I/int-ranges/lib_source/CMakeFiles/CMakeTmp'
make[1]: *** [Makefile:121: cmTC_921b9/fast] Error 2
make[1]: Leaving directory '/home/imns1ght/workspace/bti-exercises/2019.1/LP_I/int-ranges/lib_source/CMakeFiles/CMakeTmp'


Determining if the pthread_create exist failed with the following output:
Change Dir: /home/imns1ght/workspace/bti-exercises/2019.1/LP_I/int-ranges/lib_source/CMakeFiles/CMakeTmp

Run Build Command(s):/usr/bin/make cmTC_ca98f/fast 
make[1]: Entering directory '/home/imns1ght/workspace/bti-exercises/2019.1/LP_I/int-ranges/lib_source/CMakeFiles/CMakeTmp'
/usr/bin/make -f CMakeFiles/cmTC_ca98f.dir/build.make CMakeFiles/cmTC_ca98f.dir/build
make[2]: Entering directory '/home/imns1ght/workspace/bti-exercises/2019.1/LP_I/int-ranges/lib_source/CMakeFiles/CMakeTmp'
Building C object CMakeFiles/cmTC_ca98f.dir/CheckSymbolExists.c.o
/usr/bin/cc    -o CMakeFiles/cmTC_ca98f.dir/CheckSymbolExists.c.o   -c /home/imns1ght/workspace/bti-exercises/2019.1/LP_I/int-ranges/lib_source/CMakeFiles/CMakeTmp/CheckSymbolExists.c
Linking C executable cmTC_ca98f
/usr/bin/cmake -E cmake_link_script CMakeFiles/cmTC_ca98f.dir/link.txt --verbose=1
/usr/bin/cc      CMakeFiles/cmTC_ca98f.dir/CheckSymbolExists.c.o  -o cmTC_ca98f 
/usr/bin/ld: CMakeFiles/cmTC_ca98f.dir/CheckSymbolExists.c.o: in function `main':
CheckSymbolExists.c:(.text+0x1b): undefined reference to `pthread_create'
collect2: error: ld returned 1 exit status
make[2]: *** [CMakeFiles/cmTC_ca98f.dir/build.make:87: cmTC_ca98f] Error 1
make[2]: Leaving directory '/home/imns1ght/workspace/bti-exercises/2019.1/LP_I/int-ranges/lib_source/CMakeFiles/CMakeTmp'
make[1]: *** [Makefile:121: cmTC_ca98f/fast] Error 2
make[1]: Leaving directory '/home/imns1ght/workspace/bti-exercises/2019.1/LP_I/int-ranges/lib_source/CMakeFiles/CMakeTmp'

File /home/imns1ght/workspace/bti-exercises/2019.1/LP_I/int-ranges/lib_source/CMakeFiles/CMakeTmp/CheckSymbolExists.c:
/* */
#include <pthread.h>

int main(int argc, char** argv)
{
  (void)argv;
#ifndef pthread_create
  return ((int*)(&pthread_create))[argc];
#else
  (void)argc;
  return 0;
#endif
}

Determining if the function pthread_create exists in the pthreads failed with the following output:
Change Dir: /home/imns1ght/workspace/bti-exercises/2019.1/LP_I/int-ranges/lib_source/CMakeFiles/CMakeTmp

Run Build Command(s):/usr/bin/make cmTC_551e3/fast 
make[1]: Entering directory '/home/imns1ght/workspace/bti-exercises/2019.1/LP_I/int-ranges/lib_source/CMakeFiles/CMakeTmp'
/usr/bin/make -f CMakeFiles/cmTC_551e3.dir/build.make CMakeFiles/cmTC_551e3.dir/build
make[2]: Entering directory '/home/imns1ght/workspace/bti-exercises/2019.1/LP_I/int-ranges/lib_source/CMakeFiles/CMakeTmp'
Building C object CMakeFiles/cmTC_551e3.dir/CheckFunctionExists.c.o
/usr/bin/cc   -DCHECK_FUNCTION_EXISTS=pthread_create   -o CMakeFiles/cmTC_551e3.dir/CheckFunctionExists.c.o   -c /usr/share/cmake-3.14/Modules/CheckFunctionExists.c
Linking C executable cmTC_551e3
/usr/bin/cmake -E cmake_link_script CMakeFiles/cmTC_551e3.dir/link.txt --verbose=1
/usr/bin/cc  -DCHECK_FUNCTION_EXISTS=pthread_create    CMakeFiles/cmTC_551e3.dir/CheckFunctionExists.c.o  -o cmTC_551e3 -lpthreads 
/usr/bin/ld: cannot find -lpthreads
collect2: error: ld returned 1 exit status
make[2]: *** [CMakeFiles/cmTC_551e3.dir/build.make:87: cmTC_551e3] Error 1
make[2]: Leaving directory '/home/imns1ght/workspace/bti-exercises/2019.1/LP_I/int-ranges/lib_source/CMakeFiles/CMakeTmp'
make[1]: *** [Makefile:121: cmTC_551e3/fast] Error 2
make[1]: Leaving directory '/home/imns1ght/workspace/bti-exercises/2019.1/LP_I/int-ranges/lib_source/CMakeFiles/CMakeTmp'


Determining if the pthread_create exist failed with the following output:
Change Dir: /home/imns1ght/workspace/bti-exercises/2019.1/LP_I/exercises/07.int-ranges/CMakeFiles/CMakeTmp

Run Build Command(s):/usr/bin/make cmTC_52e3a/fast 
/usr/bin/make -f CMakeFiles/cmTC_52e3a.dir/build.make CMakeFiles/cmTC_52e3a.dir/build
make[1]: Entering directory '/home/imns1ght/workspace/bti-exercises/2019.1/LP_I/exercises/07.int-ranges/CMakeFiles/CMakeTmp'
Building C object CMakeFiles/cmTC_52e3a.dir/CheckSymbolExists.c.o
/usr/bin/cc    -o CMakeFiles/cmTC_52e3a.dir/CheckSymbolExists.c.o   -c /home/imns1ght/workspace/bti-exercises/2019.1/LP_I/exercises/07.int-ranges/CMakeFiles/CMakeTmp/CheckSymbolExists.c
Linking C executable cmTC_52e3a
/usr/bin/cmake -E cmake_link_script CMakeFiles/cmTC_52e3a.dir/link.txt --verbose=1
/usr/bin/cc      CMakeFiles/cmTC_52e3a.dir/CheckSymbolExists.c.o  -o cmTC_52e3a 
/usr/bin/ld: CMakeFiles/cmTC_52e3a.dir/CheckSymbolExists.c.o: in function `main':
CheckSymbolExists.c:(.text+0x1b): undefined reference to `pthread_create'
collect2: error: ld returned 1 exit status
make[1]: *** [CMakeFiles/cmTC_52e3a.dir/build.make:87: cmTC_52e3a] Error 1
make[1]: Leaving directory '/home/imns1ght/workspace/bti-exercises/2019.1/LP_I/exercises/07.int-ranges/CMakeFiles/CMakeTmp'
make: *** [Makefile:121: cmTC_52e3a/fast] Error 2

File /home/imns1ght/workspace/bti-exercises/2019.1/LP_I/exercises/07.int-ranges/CMakeFiles/CMakeTmp/CheckSymbolExists.c:
/* */
#include <pthread.h>

int main(int argc, char** argv)
{
  (void)argv;
#ifndef pthread_create
  return ((int*)(&pthread_create))[argc];
#else
  (void)argc;
  return 0;
#endif
}

Determining if the function pthread_create exists in the pthreads failed with the following output:
Change Dir: /home/imns1ght/workspace/bti-exercises/2019.1/LP_I/exercises/07.int-ranges/CMakeFiles/CMakeTmp

Run Build Command(s):/usr/bin/make cmTC_37c50/fast 
/usr/bin/make -f CMakeFiles/cmTC_37c50.dir/build.make CMakeFiles/cmTC_37c50.dir/build
make[1]: Entering directory '/home/imns1ght/workspace/bti-exercises/2019.1/LP_I/exercises/07.int-ranges/CMakeFiles/CMakeTmp'
Building C object CMakeFiles/cmTC_37c50.dir/CheckFunctionExists.c.o
/usr/bin/cc   -DCHECK_FUNCTION_EXISTS=pthread_create   -o CMakeFiles/cmTC_37c50.dir/CheckFunctionExists.c.o   -c /usr/share/cmake-3.14/Modules/CheckFunctionExists.c
Linking C executable cmTC_37c50
/usr/bin/cmake -E cmake_link_script CMakeFiles/cmTC_37c50.dir/link.txt --verbose=1
/usr/bin/cc  -DCHECK_FUNCTION_EXISTS=pthread_create    CMakeFiles/cmTC_37c50.dir/CheckFunctionExists.c.o  -o cmTC_37c50 -lpthreads 
/usr/bin/ld: cannot find -lpthreads
collect2: error: ld returned 1 exit status
make[1]: *** [CMakeFiles/cmTC_37c50.dir/build.make:87: cmTC_37c50] Error 1
make[1]: Leaving directory '/home/imns1ght/workspace/bti-exercises/2019.1/LP_I/exercises/07.int-ranges/CMakeFiles/CMakeTmp'
make: *** [Makefile:121: cmTC_37c50/fast] Error 2


